<?xml version="1.0" encoding="UTF-8"?>
<testsuite xmlns:xsi="http://www.w3.org/2001/XMLSchema-instance" xsi:noNamespaceSchemaLocation="https://maven.apache.org/surefire/maven-surefire-plugin/xsd/surefire-test-report.xsd" name="com.example.TestExecutionOrderDemo" time="0.017" tests="4" errors="0" skipped="0" failures="0">
  <properties>
    <property name="gopherProxySet" value="false"/>
    <property name="awt.toolkit" value="sun.lwawt.macosx.LWCToolkit"/>
    <property name="java.specification.version" value="11"/>
    <property name="sun.cpu.isalist" value=""/>
    <property name="sun.jnu.encoding" value="UTF-8"/>
    <property name="java.class.path" value="/Users/annanarim/Downloads/JUnit Project/CS230_AUA_JUnit/target/test-classes:/Users/annanarim/Downloads/JUnit Project/CS230_AUA_JUnit/target/classes:/Users/annanarim/.m2/repository/org/junit/jupiter/junit-jupiter/5.6.1/junit-jupiter-5.6.1.jar:/Users/annanarim/.m2/repository/org/junit/jupiter/junit-jupiter-api/5.6.1/junit-jupiter-api-5.6.1.jar:/Users/annanarim/.m2/repository/org/apiguardian/apiguardian-api/1.1.0/apiguardian-api-1.1.0.jar:/Users/annanarim/.m2/repository/org/opentest4j/opentest4j/1.2.0/opentest4j-1.2.0.jar:/Users/annanarim/.m2/repository/org/junit/platform/junit-platform-commons/1.6.1/junit-platform-commons-1.6.1.jar:/Users/annanarim/.m2/repository/org/junit/jupiter/junit-jupiter-params/5.6.1/junit-jupiter-params-5.6.1.jar:/Users/annanarim/.m2/repository/org/junit/jupiter/junit-jupiter-engine/5.6.1/junit-jupiter-engine-5.6.1.jar:/Users/annanarim/.m2/repository/org/junit/platform/junit-platform-engine/1.6.1/junit-platform-engine-1.6.1.jar:/Users/annanarim/.m2/repository/org/seleniumhq/selenium/selenium-java/3.9.0/selenium-java-3.9.0.jar:/Users/annanarim/.m2/repository/org/seleniumhq/selenium/selenium-api/3.9.0/selenium-api-3.9.0.jar:/Users/annanarim/.m2/repository/org/seleniumhq/selenium/selenium-chrome-driver/3.9.0/selenium-chrome-driver-3.9.0.jar:/Users/annanarim/.m2/repository/org/seleniumhq/selenium/selenium-edge-driver/3.9.0/selenium-edge-driver-3.9.0.jar:/Users/annanarim/.m2/repository/org/seleniumhq/selenium/selenium-firefox-driver/3.9.0/selenium-firefox-driver-3.9.0.jar:/Users/annanarim/.m2/repository/org/seleniumhq/selenium/selenium-ie-driver/3.9.0/selenium-ie-driver-3.9.0.jar:/Users/annanarim/.m2/repository/org/seleniumhq/selenium/selenium-opera-driver/3.9.0/selenium-opera-driver-3.9.0.jar:/Users/annanarim/.m2/repository/org/seleniumhq/selenium/selenium-remote-driver/3.9.0/selenium-remote-driver-3.9.0.jar:/Users/annanarim/.m2/repository/org/seleniumhq/selenium/selenium-support/3.9.0/selenium-support-3.9.0.jar:/Users/annanarim/.m2/repository/net/bytebuddy/byte-buddy/1.7.9/byte-buddy-1.7.9.jar:/Users/annanarim/.m2/repository/org/apache/commons/commons-exec/1.3/commons-exec-1.3.jar:/Users/annanarim/.m2/repository/commons-codec/commons-codec/1.10/commons-codec-1.10.jar:/Users/annanarim/.m2/repository/commons-logging/commons-logging/1.2/commons-logging-1.2.jar:/Users/annanarim/.m2/repository/com/google/code/gson/gson/2.8.2/gson-2.8.2.jar:/Users/annanarim/.m2/repository/com/google/guava/guava/23.6-jre/guava-23.6-jre.jar:/Users/annanarim/.m2/repository/com/google/code/findbugs/jsr305/1.3.9/jsr305-1.3.9.jar:/Users/annanarim/.m2/repository/org/checkerframework/checker-compat-qual/2.0.0/checker-compat-qual-2.0.0.jar:/Users/annanarim/.m2/repository/com/google/errorprone/error_prone_annotations/2.1.3/error_prone_annotations-2.1.3.jar:/Users/annanarim/.m2/repository/com/google/j2objc/j2objc-annotations/1.1/j2objc-annotations-1.1.jar:/Users/annanarim/.m2/repository/org/codehaus/mojo/animal-sniffer-annotations/1.14/animal-sniffer-annotations-1.14.jar:/Users/annanarim/.m2/repository/org/apache/httpcomponents/httpclient/4.5.3/httpclient-4.5.3.jar:/Users/annanarim/.m2/repository/org/apache/httpcomponents/httpcore/4.4.6/httpcore-4.4.6.jar:/Users/annanarim/.m2/repository/com/squareup/okhttp3/okhttp/3.9.1/okhttp-3.9.1.jar:/Users/annanarim/.m2/repository/com/squareup/okio/okio/1.13.0/okio-1.13.0.jar:/Users/annanarim/.m2/repository/org/seleniumhq/selenium/selenium-safari-driver/3.9.0/selenium-safari-driver-3.9.0.jar:"/>
    <property name="java.vm.vendor" value="JetBrains s.r.o"/>
    <property name="sun.arch.data.model" value="64"/>
    <property name="java.vendor.url" value="https://www.jetbrains.com/"/>
    <property name="user.timezone" value=""/>
    <property name="java.vm.specification.version" value="11"/>
    <property name="os.name" value="Mac OS X"/>
    <property name="sun.java.launcher" value="SUN_STANDARD"/>
    <property name="user.country" value="AM"/>
    <property name="sun.boot.library.path" value="/Applications/IntelliJ IDEA CE.app/Contents/jbr/Contents/Home/lib"/>
    <property name="sun.java.command" value="/Users/annanarim/Downloads/JUnit Project/CS230_AUA_JUnit/target/surefire/surefirebooter8426768771662382459.jar /Users/annanarim/Downloads/JUnit Project/CS230_AUA_JUnit/target/surefire 2020-04-06T17-48-58_923-jvmRun1 surefire16628291227141074232tmp surefire_015106104487396256269tmp"/>
    <property name="http.nonProxyHosts" value="local|*.local|169.254/16|*.169.254/16"/>
    <property name="jdk.debug" value="release"/>
    <property name="surefire.test.class.path" value="/Users/annanarim/Downloads/JUnit Project/CS230_AUA_JUnit/target/test-classes:/Users/annanarim/Downloads/JUnit Project/CS230_AUA_JUnit/target/classes:/Users/annanarim/.m2/repository/org/junit/jupiter/junit-jupiter/5.6.1/junit-jupiter-5.6.1.jar:/Users/annanarim/.m2/repository/org/junit/jupiter/junit-jupiter-api/5.6.1/junit-jupiter-api-5.6.1.jar:/Users/annanarim/.m2/repository/org/apiguardian/apiguardian-api/1.1.0/apiguardian-api-1.1.0.jar:/Users/annanarim/.m2/repository/org/opentest4j/opentest4j/1.2.0/opentest4j-1.2.0.jar:/Users/annanarim/.m2/repository/org/junit/platform/junit-platform-commons/1.6.1/junit-platform-commons-1.6.1.jar:/Users/annanarim/.m2/repository/org/junit/jupiter/junit-jupiter-params/5.6.1/junit-jupiter-params-5.6.1.jar:/Users/annanarim/.m2/repository/org/junit/jupiter/junit-jupiter-engine/5.6.1/junit-jupiter-engine-5.6.1.jar:/Users/annanarim/.m2/repository/org/junit/platform/junit-platform-engine/1.6.1/junit-platform-engine-1.6.1.jar:/Users/annanarim/.m2/repository/org/seleniumhq/selenium/selenium-java/3.9.0/selenium-java-3.9.0.jar:/Users/annanarim/.m2/repository/org/seleniumhq/selenium/selenium-api/3.9.0/selenium-api-3.9.0.jar:/Users/annanarim/.m2/repository/org/seleniumhq/selenium/selenium-chrome-driver/3.9.0/selenium-chrome-driver-3.9.0.jar:/Users/annanarim/.m2/repository/org/seleniumhq/selenium/selenium-edge-driver/3.9.0/selenium-edge-driver-3.9.0.jar:/Users/annanarim/.m2/repository/org/seleniumhq/selenium/selenium-firefox-driver/3.9.0/selenium-firefox-driver-3.9.0.jar:/Users/annanarim/.m2/repository/org/seleniumhq/selenium/selenium-ie-driver/3.9.0/selenium-ie-driver-3.9.0.jar:/Users/annanarim/.m2/repository/org/seleniumhq/selenium/selenium-opera-driver/3.9.0/selenium-opera-driver-3.9.0.jar:/Users/annanarim/.m2/repository/org/seleniumhq/selenium/selenium-remote-driver/3.9.0/selenium-remote-driver-3.9.0.jar:/Users/annanarim/.m2/repository/org/seleniumhq/selenium/selenium-support/3.9.0/selenium-support-3.9.0.jar:/Users/annanarim/.m2/repository/net/bytebuddy/byte-buddy/1.7.9/byte-buddy-1.7.9.jar:/Users/annanarim/.m2/repository/org/apache/commons/commons-exec/1.3/commons-exec-1.3.jar:/Users/annanarim/.m2/repository/commons-codec/commons-codec/1.10/commons-codec-1.10.jar:/Users/annanarim/.m2/repository/commons-logging/commons-logging/1.2/commons-logging-1.2.jar:/Users/annanarim/.m2/repository/com/google/code/gson/gson/2.8.2/gson-2.8.2.jar:/Users/annanarim/.m2/repository/com/google/guava/guava/23.6-jre/guava-23.6-jre.jar:/Users/annanarim/.m2/repository/com/google/code/findbugs/jsr305/1.3.9/jsr305-1.3.9.jar:/Users/annanarim/.m2/repository/org/checkerframework/checker-compat-qual/2.0.0/checker-compat-qual-2.0.0.jar:/Users/annanarim/.m2/repository/com/google/errorprone/error_prone_annotations/2.1.3/error_prone_annotations-2.1.3.jar:/Users/annanarim/.m2/repository/com/google/j2objc/j2objc-annotations/1.1/j2objc-annotations-1.1.jar:/Users/annanarim/.m2/repository/org/codehaus/mojo/animal-sniffer-annotations/1.14/animal-sniffer-annotations-1.14.jar:/Users/annanarim/.m2/repository/org/apache/httpcomponents/httpclient/4.5.3/httpclient-4.5.3.jar:/Users/annanarim/.m2/repository/org/apache/httpcomponents/httpcore/4.4.6/httpcore-4.4.6.jar:/Users/annanarim/.m2/repository/com/squareup/okhttp3/okhttp/3.9.1/okhttp-3.9.1.jar:/Users/annanarim/.m2/repository/com/squareup/okio/okio/1.13.0/okio-1.13.0.jar:/Users/annanarim/.m2/repository/org/seleniumhq/selenium/selenium-safari-driver/3.9.0/selenium-safari-driver-3.9.0.jar:"/>
    <property name="sun.cpu.endian" value="little"/>
    <property name="user.home" value="/Users/annanarim"/>
    <property name="user.language" value="en"/>
    <property name="java.specification.vendor" value="Oracle Corporation"/>
    <property name="java.version.date" value="2020-01-14"/>
    <property name="java.home" value="/Applications/IntelliJ IDEA CE.app/Contents/jbr/Contents/Home"/>
    <property name="file.separator" value="/"/>
    <property name="basedir" value="/Users/annanarim/Downloads/JUnit Project/CS230_AUA_JUnit"/>
    <property name="java.vm.compressedOopsMode" value="Zero based"/>
    <property name="line.separator" value="&#10;"/>
    <property name="java.specification.name" value="Java Platform API Specification"/>
    <property name="java.vm.specification.vendor" value="Oracle Corporation"/>
    <property name="java.awt.graphicsenv" value="sun.awt.CGraphicsEnvironment"/>
    <property name="surefire.real.class.path" value="/Users/annanarim/Downloads/JUnit Project/CS230_AUA_JUnit/target/surefire/surefirebooter8426768771662382459.jar"/>
    <property name="sun.management.compiler" value="HotSpot 64-Bit Tiered Compilers"/>
    <property name="ftp.nonProxyHosts" value="local|*.local|169.254/16|*.169.254/16"/>
    <property name="java.runtime.version" value="11.0.6+8-b520.43"/>
    <property name="user.name" value="annanarim"/>
    <property name="path.separator" value=":"/>
    <property name="os.version" value="10.14.6"/>
    <property name="java.runtime.name" value="OpenJDK Runtime Environment"/>
    <property name="file.encoding" value="UTF-8"/>
    <property name="java.vm.name" value="OpenJDK 64-Bit Server VM"/>
    <property name="localRepository" value="/Users/annanarim/.m2/repository"/>
    <property name="java.vendor.url.bug" value="https://youtrack.jetbrains.com"/>
    <property name="java.io.tmpdir" value="/var/folders/j3/8148jmvn3y764fks3fty60b00000gn/T/"/>
    <property name="java.version" value="11.0.6"/>
    <property name="user.dir" value="/Users/annanarim/Downloads/JUnit Project/CS230_AUA_JUnit"/>
    <property name="os.arch" value="x86_64"/>
    <property name="java.vm.specification.name" value="Java Virtual Machine Specification"/>
    <property name="java.awt.printerjob" value="sun.lwawt.macosx.CPrinterJob"/>
    <property name="sun.os.patch.level" value="unknown"/>
    <property name="idea.version2019.3.4" value="true"/>
    <property name="java.library.path" value="/Users/annanarim/Library/Java/Extensions:/Library/Java/Extensions:/Network/Library/Java/Extensions:/System/Library/Java/Extensions:/usr/lib/java:."/>
    <property name="java.vendor" value="JetBrains s.r.o"/>
    <property name="java.vm.info" value="mixed mode"/>
    <property name="java.vm.version" value="11.0.6+8-b520.43"/>
    <property name="sun.io.unicode.encoding" value="UnicodeBig"/>
    <property name="java.class.version" value="55.0"/>
    <property name="socksNonProxyHosts" value="local|*.local|169.254/16|*.169.254/16"/>
  </properties>
  <testcase name="validValues" classname="com.example.TestExecutionOrderDemo" time="0.004"/>
  <testcase name="validValues2" classname="com.example.TestExecutionOrderDemo" time="0.001"/>
  <testcase name="emptyValues" classname="com.example.TestExecutionOrderDemo" time="0.002"/>
  <testcase name="nullValues" classname="com.example.TestExecutionOrderDemo" time="0.004"/>
</testsuite>